2016-10-21 06:28:07 ERROR DataParser:32 - File Not Exist: 
java.io.FileNotFoundException: /media/abhijeet/OS/Devs/EWorkspace/Workspaces/EWorkspace/ACP_PV/ZSS/resources/Purva Vihar/FY2014-1504-April-2014.xlsx (No such file or directory)
	at java.io.FileInputStream.open0(Native Method)
	at java.io.FileInputStream.open(FileInputStream.java:195)
	at java.io.FileInputStream.<init>(FileInputStream.java:138)
	at com.zss.utility.DataParser.loadWorkbook(DataParser.java:25)
	at com.zss.generator.AccountReportGenerator.generateReport(AccountReportGenerator.java:20)
	at com.zss.test.TestApplication.main(TestApplication.java:29)
2016-10-21 06:28:07 ERROR DataParser:32 - File Not Exist: 
java.io.FileNotFoundException: /media/abhijeet/OS/Devs/EWorkspace/Workspaces/EWorkspace/ACP_PV/ZSS/resources/Purva Vihar/FY2014-1505-May-2014.xlsx (No such file or directory)
	at java.io.FileInputStream.open0(Native Method)
	at java.io.FileInputStream.open(FileInputStream.java:195)
	at java.io.FileInputStream.<init>(FileInputStream.java:138)
	at com.zss.utility.DataParser.loadWorkbook(DataParser.java:25)
	at com.zss.generator.AccountReportGenerator.generateReport(AccountReportGenerator.java:20)
	at com.zss.test.TestApplication.main(TestApplication.java:29)
2016-10-21 06:28:07 ERROR DataParser:32 - File Not Exist: 
java.io.FileNotFoundException: /media/abhijeet/OS/Devs/EWorkspace/Workspaces/EWorkspace/ACP_PV/ZSS/resources/Purva Vihar/FY2014-1506-June-2014.xlsx (No such file or directory)
	at java.io.FileInputStream.open0(Native Method)
	at java.io.FileInputStream.open(FileInputStream.java:195)
	at java.io.FileInputStream.<init>(FileInputStream.java:138)
	at com.zss.utility.DataParser.loadWorkbook(DataParser.java:25)
	at com.zss.generator.AccountReportGenerator.generateReport(AccountReportGenerator.java:20)
	at com.zss.test.TestApplication.main(TestApplication.java:29)
2016-10-21 06:28:07 ERROR DataParser:32 - File Not Exist: 
java.io.FileNotFoundException: /media/abhijeet/OS/Devs/EWorkspace/Workspaces/EWorkspace/ACP_PV/ZSS/resources/Purva Vihar/FY2014-1507-July-2014.xlsx (No such file or directory)
	at java.io.FileInputStream.open0(Native Method)
	at java.io.FileInputStream.open(FileInputStream.java:195)
	at java.io.FileInputStream.<init>(FileInputStream.java:138)
	at com.zss.utility.DataParser.loadWorkbook(DataParser.java:25)
	at com.zss.generator.AccountReportGenerator.generateReport(AccountReportGenerator.java:20)
	at com.zss.test.TestApplication.main(TestApplication.java:29)
2016-10-21 06:28:07 ERROR DataParser:32 - File Not Exist: 
java.io.FileNotFoundException: /media/abhijeet/OS/Devs/EWorkspace/Workspaces/EWorkspace/ACP_PV/ZSS/resources/Purva Vihar/FY2014-1508-August-2014.xlsx (No such file or directory)
	at java.io.FileInputStream.open0(Native Method)
	at java.io.FileInputStream.open(FileInputStream.java:195)
	at java.io.FileInputStream.<init>(FileInputStream.java:138)
	at com.zss.utility.DataParser.loadWorkbook(DataParser.java:25)
	at com.zss.generator.AccountReportGenerator.generateReport(AccountReportGenerator.java:20)
	at com.zss.test.TestApplication.main(TestApplication.java:29)
2016-10-21 06:28:07 ERROR DataParser:32 - File Not Exist: 
java.io.FileNotFoundException: /media/abhijeet/OS/Devs/EWorkspace/Workspaces/EWorkspace/ACP_PV/ZSS/resources/Purva Vihar/FY2014-1509-September-2014.xlsx (No such file or directory)
	at java.io.FileInputStream.open0(Native Method)
	at java.io.FileInputStream.open(FileInputStream.java:195)
	at java.io.FileInputStream.<init>(FileInputStream.java:138)
	at com.zss.utility.DataParser.loadWorkbook(DataParser.java:25)
	at com.zss.generator.AccountReportGenerator.generateReport(AccountReportGenerator.java:20)
	at com.zss.test.TestApplication.main(TestApplication.java:29)
2016-10-21 06:28:07 ERROR DataParser:32 - File Not Exist: 
java.io.FileNotFoundException: /media/abhijeet/OS/Devs/EWorkspace/Workspaces/EWorkspace/ACP_PV/ZSS/resources/Purva Vihar/FY2014-1510-October-2014.xlsx (No such file or directory)
	at java.io.FileInputStream.open0(Native Method)
	at java.io.FileInputStream.open(FileInputStream.java:195)
	at java.io.FileInputStream.<init>(FileInputStream.java:138)
	at com.zss.utility.DataParser.loadWorkbook(DataParser.java:25)
	at com.zss.generator.AccountReportGenerator.generateReport(AccountReportGenerator.java:20)
	at com.zss.test.TestApplication.main(TestApplication.java:29)
2016-10-21 06:28:07 ERROR DataParser:32 - File Not Exist: 
java.io.FileNotFoundException: /media/abhijeet/OS/Devs/EWorkspace/Workspaces/EWorkspace/ACP_PV/ZSS/resources/Purva Vihar/FY2014-1511-November-2014.xlsx (No such file or directory)
	at java.io.FileInputStream.open0(Native Method)
	at java.io.FileInputStream.open(FileInputStream.java:195)
	at java.io.FileInputStream.<init>(FileInputStream.java:138)
	at com.zss.utility.DataParser.loadWorkbook(DataParser.java:25)
	at com.zss.generator.AccountReportGenerator.generateReport(AccountReportGenerator.java:20)
	at com.zss.test.TestApplication.main(TestApplication.java:29)
2016-10-21 06:28:07 ERROR DataParser:32 - File Not Exist: 
java.io.FileNotFoundException: /media/abhijeet/OS/Devs/EWorkspace/Workspaces/EWorkspace/ACP_PV/ZSS/resources/Purva Vihar/FY2014-1512-December-2014.xlsx (No such file or directory)
	at java.io.FileInputStream.open0(Native Method)
	at java.io.FileInputStream.open(FileInputStream.java:195)
	at java.io.FileInputStream.<init>(FileInputStream.java:138)
	at com.zss.utility.DataParser.loadWorkbook(DataParser.java:25)
	at com.zss.generator.AccountReportGenerator.generateReport(AccountReportGenerator.java:20)
	at com.zss.test.TestApplication.main(TestApplication.java:29)
2016-10-21 06:28:07 ERROR DataParser:32 - File Not Exist: 
java.io.FileNotFoundException: /media/abhijeet/OS/Devs/EWorkspace/Workspaces/EWorkspace/ACP_PV/ZSS/resources/Purva Vihar/FY2014-1501-January-2015.xlsx (No such file or directory)
	at java.io.FileInputStream.open0(Native Method)
	at java.io.FileInputStream.open(FileInputStream.java:195)
	at java.io.FileInputStream.<init>(FileInputStream.java:138)
	at com.zss.utility.DataParser.loadWorkbook(DataParser.java:25)
	at com.zss.generator.AccountReportGenerator.generateReport(AccountReportGenerator.java:20)
	at com.zss.test.TestApplication.main(TestApplication.java:29)
2016-10-21 06:28:07 ERROR DataParser:32 - File Not Exist: 
java.io.FileNotFoundException: /media/abhijeet/OS/Devs/EWorkspace/Workspaces/EWorkspace/ACP_PV/ZSS/resources/Purva Vihar/FY2014-1502-February-2015.xlsx (No such file or directory)
	at java.io.FileInputStream.open0(Native Method)
	at java.io.FileInputStream.open(FileInputStream.java:195)
	at java.io.FileInputStream.<init>(FileInputStream.java:138)
	at com.zss.utility.DataParser.loadWorkbook(DataParser.java:25)
	at com.zss.generator.AccountReportGenerator.generateReport(AccountReportGenerator.java:20)
	at com.zss.test.TestApplication.main(TestApplication.java:29)
2016-10-21 06:28:07 ERROR DataParser:32 - File Not Exist: 
java.io.FileNotFoundException: /media/abhijeet/OS/Devs/EWorkspace/Workspaces/EWorkspace/ACP_PV/ZSS/resources/Purva Vihar/FY2014-1503-March-2015.xlsx (No such file or directory)
	at java.io.FileInputStream.open0(Native Method)
	at java.io.FileInputStream.open(FileInputStream.java:195)
	at java.io.FileInputStream.<init>(FileInputStream.java:138)
	at com.zss.utility.DataParser.loadWorkbook(DataParser.java:25)
	at com.zss.generator.AccountReportGenerator.generateReport(AccountReportGenerator.java:20)
	at com.zss.test.TestApplication.main(TestApplication.java:29)
